<?xml version="1.0" encoding="UTF-8"?>
<!-- Generated by org.testng.reporters.JUnitReportReporter -->
<testsuite hostname="d2da652f8425585" failures="0" tests="1" name="demo2.finalproj" time="14.490" errors="0" timestamp="2023-10-04T20:50:51 IST" skipped="0">
  <testcase classname="demo2.finalproj" name="testGoogleSearchAndFlipkart" time="14.490"/>
  <system-out/>
</testsuite> <!-- demo2.finalproj -->
